2025-03-13 22:04:47,414 - MT5Connector - INFO - MT5Connector instanciado. Aguardando conexão.
2025-03-13 22:04:47,427 - MT5Connector - INFO - MT5 inicializado com sucesso
2025-03-13 22:04:47,430 - MT5Connector - INFO - Conectado ao MT5 (build 4755)
2025-03-13 22:04:47,430 - MT5Connector - INFO - Conta: 978295, Servidor: ActivTradesCorp-Server
2025-03-13 22:07:04,136 - MT5Integration - INFO - Iniciando servidor ZeroMQ na porta 5555
2025-03-13 22:07:04,137 - MT5Integration - INFO - Logs serão salvos em E:\ADERENCIA DE BACKTESTING - Copia\mt5-adherence\src\data\logs\mt5_integration_20250313.log
2025-03-13 22:07:04,137 - MT5Integration - INFO - Diretório de dados: E:\ADERENCIA DE BACKTESTING - Copia\mt5-adherence\src\data
2025-03-13 22:07:04,179 - MT5Connector - INFO - MT5Connector instanciado. Aguardando conexão.
2025-03-13 22:07:04,180 - MT5Extractor - INFO - MT5Extractor inicializado (diretório: E:\ADERENCIA DE BACKTESTING - Copia\mt5-adherence\src\data)
2025-03-13 22:07:04,180 - ZMQServer - INFO - ZMQServer inicializado na porta 5555
2025-03-13 22:07:04,181 - ZMQServer - INFO - Servidor vinculado a tcp://*:5555
2025-03-13 22:07:04,182 - ZMQServer - INFO - Iniciando loop do servidor ZeroMQ
2025-03-13 22:07:04,184 - ZMQServer - INFO - Iniciando monitoramento de heartbeat
2025-03-13 22:07:04,184 - ZMQServer - INFO - Servidor ZeroMQ iniciado
2025-03-13 22:07:04,185 - MT5Connector - INFO - Tentando reconectar ao MT5 (max 1 tentativas)
2025-03-13 22:07:04,185 - MT5Integration - INFO - Servidor em execução. Pressione Ctrl+C para encerrar.
2025-03-13 22:07:04,186 - MT5Connector - INFO - Tentativa de reconexão 1/1
2025-03-13 22:07:04,197 - MT5Connector - INFO - MT5 inicializado com sucesso
2025-03-13 22:07:04,199 - MT5Connector - INFO - Conectado ao MT5 (build 4755)
2025-03-13 22:07:04,200 - MT5Connector - INFO - Conta: 978295, Servidor: ActivTradesCorp-Server
2025-03-13 22:07:04,200 - MT5Connector - INFO - Reconexão bem-sucedida
2025-03-13 22:08:07,524 - MT5Integration - INFO - Encerrando servidor...
2025-03-13 22:08:07,527 - ZMQServer - INFO - Loop do servidor ZeroMQ encerrado
2025-03-13 22:08:07,528 - ZMQServer - INFO - Servidor ZeroMQ encerrado
2025-03-13 22:08:07,528 - MT5Integration - INFO - Servidor encerrado
